-outxml
-source
1.6
-target
1.6
-classpath
C:\Users\admin\.m2\repository\antlr\antlr\2.7.6\antlr-2.7.6.jar;C:\Users\admin\.m2\repository\aopalliance\aopalliance\1.0\aopalliance-1.0.jar;C:\Users\admin\.m2\repository\asm\asm\1.5.3\asm-1.5.3.jar;C:\Users\admin\.m2\repository\asm\asm-attrs\1.5.3\asm-attrs-1.5.3.jar;C:\Users\admin\.m2\repository\cglib\cglib\2.1_3\cglib-2.1_3.jar;C:\Users\admin\.m2\repository\commons-collections\commons-collections\3.1\commons-collections-3.1.jar;C:\Users\admin\.m2\repository\commons-dbcp\commons-dbcp\20030825.184428\commons-dbcp-20030825.184428.jar;C:\Users\admin\.m2\repository\commons-logging\commons-logging\1.0.4\commons-logging-1.0.4.jar;C:\Users\admin\.m2\repository\dom4j\dom4j\1.6.1\dom4j-1.6.1.jar;C:\Users\admin\.m2\repository\javassist\javassist\3.12.1.GA\javassist-3.12.1.GA.jar;C:\Users\admin\.m2\repository\javax\inject\javax.inject\1\javax.inject-1.jar;C:\Users\admin\.m2\repository\javax\persistence\persistence-api\1.0\persistence-api-1.0.jar;C:\Users\admin\.m2\repository\javax\servlet\jstl\1.2\jstl-1.2.jar;C:\Users\admin\.m2\repository\javax\servlet\servlet-api\2.5\servlet-api-2.5.jar;C:\Users\admin\.m2\repository\javax\servlet\jsp\jsp-api\2.1\jsp-api-2.1.jar;C:\Users\admin\.m2\repository\javax\transaction\jta\1.1\jta-1.1.jar;C:\Users\admin\.m2\repository\mysql\mysql-connector-java\5.1.6\mysql-connector-java-5.1.6.jar;C:\Users\admin\.m2\repository\net\sf\ehcache\ehcache\1.2.3\ehcache-1.2.3.jar;C:\Users\admin\.m2\repository\org\aspectj\aspectjrt\1.6.9\aspectjrt-1.6.9.jar;C:\Users\admin\.m2\repository\org\aspectj\aspectjweaver\1.6.8\aspectjweaver-1.6.8.jar;C:\Users\admin\.m2\repository\org\hibernate\ejb3-persistence\1.0.1.GA\ejb3-persistence-1.0.1.GA.jar;C:\Users\admin\.m2\repository\org\hibernate\hibernate\3.2.6.ga\hibernate-3.2.6.ga.jar;C:\Users\admin\.m2\repository\org\hibernate\hibernate-annotations\3.3.1.GA\hibernate-annotations-3.3.1.GA.jar;C:\Users\admin\.m2\repository\org\hibernate\hibernate-commons-annotations\3.3.0.ga\hibernate-commons-annotations-3.3.0.ga.jar;C:\Users\admin\.m2\repository\org\hibernate\hibernate-core\3.3.2.GA\hibernate-core-3.3.2.GA.jar;C:\Users\admin\.m2\repository\org\slf4j\slf4j-api\1.5.10\slf4j-api-1.5.10.jar;C:\Users\admin\.m2\repository\org\springframework\spring-aop\3.0.5.RELEASE\spring-aop-3.0.5.RELEASE.jar;C:\Users\admin\.m2\repository\org\springframework\spring-asm\3.0.5.RELEASE\spring-asm-3.0.5.RELEASE.jar;C:\Users\admin\.m2\repository\org\springframework\spring-beans\3.0.5.RELEASE\spring-beans-3.0.5.RELEASE.jar;C:\Users\admin\.m2\repository\org\springframework\spring-context\3.0.5.RELEASE\spring-context-3.0.5.RELEASE.jar;C:\Users\admin\.m2\repository\org\springframework\spring-context-support\3.0.5.RELEASE\spring-context-support-3.0.5.RELEASE.jar;C:\Users\admin\.m2\repository\org\springframework\spring-core\3.0.5.RELEASE\spring-core-3.0.5.RELEASE.jar;C:\Users\admin\.m2\repository\org\springframework\spring-expression\3.0.5.RELEASE\spring-expression-3.0.5.RELEASE.jar;C:\Users\admin\.m2\repository\org\springframework\spring-jdbc\3.0.5.RELEASE\spring-jdbc-3.0.5.RELEASE.jar;C:\Users\admin\.m2\repository\org\springframework\spring-orm\3.0.5.RELEASE\spring-orm-3.0.5.RELEASE.jar;C:\Users\admin\.m2\repository\org\springframework\spring-tx\3.0.5.RELEASE\spring-tx-3.0.5.RELEASE.jar;C:\Users\admin\.m2\repository\org\springframework\spring-web\3.0.5.RELEASE\spring-web-3.0.5.RELEASE.jar;C:\Users\admin\.m2\repository\org\springframework\spring-webmvc\3.0.5.RELEASE\spring-webmvc-3.0.5.RELEASE.jar;C:\Users\admin\.m2\repository\org\springframework\roo\org.springframework.roo.annotations\1.0.2.RELEASE\org.springframework.roo.annotations-1.0.2.RELEASE.jar;C:\Users\admin\.m2\repository\org\springframework\security\spring-security-config\3.0.5.RELEASE\spring-security-config-3.0.5.RELEASE.jar;C:\Users\admin\.m2\repository\org\springframework\security\spring-security-core\3.0.5.RELEASE\spring-security-core-3.0.5.RELEASE.jar;C:\Users\admin\.m2\repository\org\springframework\security\spring-security-web\3.0.5.RELEASE\spring-security-web-3.0.5.RELEASE.jar;C:\Users\admin\.m2\repository\xml-apis\xml-apis\1.0.b2\xml-apis-1.0.b2.jar;D:\NetBeansProjects\hotel07\target\classes
-d
D:\NetBeansProjects\hotel07\target\classes
D:\NetBeansProjects\hotel07\src\main\java\ua\softserve\hotel\domain\User.java
D:\NetBeansProjects\hotel07\src\main\java\ua\softserve\hotel\dao\IRoomTypeDAO.java
D:\NetBeansProjects\hotel07\src\main\java\ua\softserve\hotel\service\IPersonService.java
D:\NetBeansProjects\hotel07\src\main\java\ua\softserve\hotel\dao\OrderDAO.java
D:\NetBeansProjects\hotel07\src\main\java\ua\softserve\hotel\service\IOrderService.java
D:\NetBeansProjects\hotel07\src\main\java\ua\softserve\hotel\dao\ICRUDGeneral.java
D:\NetBeansProjects\hotel07\src\main\java\ua\softserve\hotel\service\IAddServiceHistoryService.java
D:\NetBeansProjects\hotel07\src\main\java\ua\softserve\hotel\web\RegistrationController.java
D:\NetBeansProjects\hotel07\src\main\java\ua\softserve\hotel\dao\PersonDAO.java
D:\NetBeansProjects\hotel07\src\main\java\ua\softserve\hotel\dao\IPersonDAO.java
D:\NetBeansProjects\hotel07\src\main\java\ua\softserve\hotel\dao\IRoomDAO.java
D:\NetBeansProjects\hotel07\src\main\java\ua\softserve\hotel\domain\Person.java
D:\NetBeansProjects\hotel07\src\main\java\ua\softserve\hotel\service\IUserService.java
D:\NetBeansProjects\hotel07\src\main\java\ua\softserve\hotel\dao\IRoleDAO.java
D:\NetBeansProjects\hotel07\src\main\java\ua\softserve\hotel\dao\RoleDAO.java
D:\NetBeansProjects\hotel07\src\main\java\ua\softserve\hotel\domain\AddServiceHistory.java
D:\NetBeansProjects\hotel07\src\main\java\ua\softserve\hotel\web\BookingController.java
D:\NetBeansProjects\hotel07\src\main\java\ua\softserve\hotel\web\UserController.java
D:\NetBeansProjects\hotel07\src\main\java\ua\softserve\hotel\service\IRoomService.java
D:\NetBeansProjects\hotel07\src\main\java\ua\softserve\hotel\domain\HotelOrder.java
D:\NetBeansProjects\hotel07\src\main\java\ua\softserve\hotel\dao\RoomDAO.java
D:\NetBeansProjects\hotel07\src\main\java\ua\softserve\hotel\service\RoomTypeService.java
D:\NetBeansProjects\hotel07\src\main\java\ua\softserve\hotel\dao\RoomTypeDAO.java
D:\NetBeansProjects\hotel07\src\main\java\ua\softserve\hotel\service\RoomService.java
D:\NetBeansProjects\hotel07\src\main\java\ua\softserve\hotel\service\AddServiceHistoryService.java
D:\NetBeansProjects\hotel07\src\main\java\ua\softserve\hotel\dao\IAddServiceDAO.java
D:\NetBeansProjects\hotel07\src\main\java\ua\softserve\hotel\dao\AddServiceHistoryDAO.java
D:\NetBeansProjects\hotel07\src\main\java\ua\softserve\hotel\service\RoleService.java
D:\NetBeansProjects\hotel07\src\main\java\ua\softserve\hotel\service\OrderService.java
D:\NetBeansProjects\hotel07\src\main\java\ua\softserve\hotel\domain\Room.java
D:\NetBeansProjects\hotel07\src\main\java\ua\softserve\hotel\dao\IUserDAO.java
D:\NetBeansProjects\hotel07\src\main\java\ua\softserve\hotel\domain\AddService.java
D:\NetBeansProjects\hotel07\src\main\java\ua\softserve\hotel\service\IRoomTypeService.java
D:\NetBeansProjects\hotel07\src\main\java\ua\softserve\hotel\service\IAddServiseService.java
D:\NetBeansProjects\hotel07\src\main\java\ua\softserve\hotel\dao\IOrderDAO.java
D:\NetBeansProjects\hotel07\src\main\java\ua\softserve\hotel\domain\Role.java
D:\NetBeansProjects\hotel07\src\main\java\ua\softserve\hotel\domain\RoomType.java
D:\NetBeansProjects\hotel07\src\main\java\ua\softserve\hotel\service\UserService.java
D:\NetBeansProjects\hotel07\src\main\java\ua\softserve\hotel\dao\IAddServiceHistoryDAO.java
D:\NetBeansProjects\hotel07\src\main\java\ua\softserve\hotel\dao\UserDAO.java
D:\NetBeansProjects\hotel07\src\main\java\ua\softserve\hotel\service\IRoleService.java
D:\NetBeansProjects\hotel07\src\main\java\ua\softserve\hotel\service\AddServiceService.java
D:\NetBeansProjects\hotel07\src\main\java\ua\softserve\hotel\dao\AddServiceDAO.java
D:\NetBeansProjects\hotel07\src\main\java\ua\softserve\hotel\service\PersonService.java
